1736955310.535975 client started (12209): version 3.5a, socket /tmp/tmux-1000/default, protocol 8
1736955310.535986 on Linux 6.12.8-arch1-1 #1 SMP PREEMPT_DYNAMIC Thu, 02 Jan 2025 22:52:26 +0000
1736955310.535994 using libevent 2.1.12-stable poll
1736955310.535997 using ncurses 6.5 20240427
1736955310.536007 flags are 0x10010000
1736955310.536017 socket is /tmp/tmux-1000/default
1736955310.536028 trying connect
1736955310.536068 add peer 0x5a712fb84420: 6 ((nil))
1736955310.536247 sending message 111 to peer 0x5a712fb84420 (8 bytes)
1736955310.536253 sending message 111 to peer 0x5a712fb84420 (8 bytes)
1736955310.536256 sending message 101 to peer 0x5a712fb84420 (12 bytes)
1736955310.536260 sending message 109 to peer 0x5a712fb84420 (4 bytes)
1736955310.536263 sending message 102 to peer 0x5a712fb84420 (11 bytes)
1736955310.536267 sending message 108 to peer 0x5a712fb84420 (26 bytes)
1736955310.536270 sending message 112 to peer 0x5a712fb84420 (70 bytes)
1736955310.536273 sending message 112 to peer 0x5a712fb84420 (5 bytes)
1736955310.536277 sending message 112 to peer 0x5a712fb84420 (6 bytes)
1736955310.536280 sending message 112 to peer 0x5a712fb84420 (6 bytes)
1736955310.536284 sending message 112 to peer 0x5a712fb84420 (10 bytes)
1736955310.536287 sending message 112 to peer 0x5a712fb84420 (13 bytes)
1736955310.536290 sending message 112 to peer 0x5a712fb84420 (14 bytes)
1736955310.536294 sending message 112 to peer 0x5a712fb84420 (19 bytes)
1736955310.536297 sending message 112 to peer 0x5a712fb84420 (11 bytes)
1736955310.536301 sending message 112 to peer 0x5a712fb84420 (10 bytes)
1736955310.536304 sending message 112 to peer 0x5a712fb84420 (15 bytes)
1736955310.536307 sending message 112 to peer 0x5a712fb84420 (21 bytes)
1736955310.536311 sending message 112 to peer 0x5a712fb84420 (13 bytes)
1736955310.536314 sending message 112 to peer 0x5a712fb84420 (7 bytes)
1736955310.536317 sending message 112 to peer 0x5a712fb84420 (13 bytes)
1736955310.536321 sending message 112 to peer 0x5a712fb84420 (7 bytes)
1736955310.536324 sending message 112 to peer 0x5a712fb84420 (13 bytes)
1736955310.536328 sending message 112 to peer 0x5a712fb84420 (9 bytes)
1736955310.536331 sending message 112 to peer 0x5a712fb84420 (21 bytes)
1736955310.536334 sending message 112 to peer 0x5a712fb84420 (13 bytes)
1736955310.536338 sending message 112 to peer 0x5a712fb84420 (9 bytes)
1736955310.536341 sending message 112 to peer 0x5a712fb84420 (16 bytes)
1736955310.536345 sending message 112 to peer 0x5a712fb84420 (13 bytes)
1736955310.536348 sending message 112 to peer 0x5a712fb84420 (9 bytes)
1736955310.536351 sending message 112 to peer 0x5a712fb84420 (9 bytes)
1736955310.536355 sending message 112 to peer 0x5a712fb84420 (12 bytes)
1736955310.536358 sending message 112 to peer 0x5a712fb84420 (8 bytes)
1736955310.536362 sending message 112 to peer 0x5a712fb84420 (13 bytes)
1736955310.536365 sending message 112 to peer 0x5a712fb84420 (7 bytes)
1736955310.536368 sending message 112 to peer 0x5a712fb84420 (7 bytes)
1736955310.536372 sending message 112 to peer 0x5a712fb84420 (9 bytes)
1736955310.536375 sending message 112 to peer 0x5a712fb84420 (6 bytes)
1736955310.536378 sending message 112 to peer 0x5a712fb84420 (9 bytes)
1736955310.536382 sending message 112 to peer 0x5a712fb84420 (15 bytes)
1736955310.536385 sending message 112 to peer 0x5a712fb84420 (13 bytes)
1736955310.536389 sending message 112 to peer 0x5a712fb84420 (12 bytes)
1736955310.536392 sending message 112 to peer 0x5a712fb84420 (8 bytes)
1736955310.536395 sending message 112 to peer 0x5a712fb84420 (14 bytes)
1736955310.536399 sending message 112 to peer 0x5a712fb84420 (9 bytes)
1736955310.536402 sending message 112 to peer 0x5a712fb84420 (10 bytes)
1736955310.536406 sending message 112 to peer 0x5a712fb84420 (10 bytes)
1736955310.536409 sending message 112 to peer 0x5a712fb84420 (10 bytes)
1736955310.536412 sending message 112 to peer 0x5a712fb84420 (10 bytes)
1736955310.536416 sending message 112 to peer 0x5a712fb84420 (11 bytes)
1736955310.536419 sending message 112 to peer 0x5a712fb84420 (12 bytes)
1736955310.536429 sending message 112 to peer 0x5a712fb84420 (12 bytes)
1736955310.536433 sending message 112 to peer 0x5a712fb84420 (12 bytes)
1736955310.536437 sending message 112 to peer 0x5a712fb84420 (12 bytes)
1736955310.536440 sending message 112 to peer 0x5a712fb84420 (12 bytes)
1736955310.536444 sending message 112 to peer 0x5a712fb84420 (11 bytes)
1736955310.536447 sending message 112 to peer 0x5a712fb84420 (11 bytes)
1736955310.536451 sending message 112 to peer 0x5a712fb84420 (12 bytes)
1736955310.536454 sending message 112 to peer 0x5a712fb84420 (12 bytes)
1736955310.536458 sending message 112 to peer 0x5a712fb84420 (12 bytes)
1736955310.536461 sending message 112 to peer 0x5a712fb84420 (12 bytes)
1736955310.536464 sending message 112 to peer 0x5a712fb84420 (12 bytes)
1736955310.536468 sending message 112 to peer 0x5a712fb84420 (9 bytes)
1736955310.536471 sending message 112 to peer 0x5a712fb84420 (12 bytes)
1736955310.536475 sending message 112 to peer 0x5a712fb84420 (13 bytes)
1736955310.536478 sending message 112 to peer 0x5a712fb84420 (13 bytes)
1736955310.536482 sending message 112 to peer 0x5a712fb84420 (13 bytes)
1736955310.536485 sending message 112 to peer 0x5a712fb84420 (13 bytes)
1736955310.536489 sending message 112 to peer 0x5a712fb84420 (13 bytes)
1736955310.536492 sending message 112 to peer 0x5a712fb84420 (8 bytes)
1736955310.536495 sending message 112 to peer 0x5a712fb84420 (11 bytes)
1736955310.536499 sending message 112 to peer 0x5a712fb84420 (11 bytes)
1736955310.536502 sending message 112 to peer 0x5a712fb84420 (11 bytes)
1736955310.536506 sending message 112 to peer 0x5a712fb84420 (12 bytes)
1736955310.536509 sending message 112 to peer 0x5a712fb84420 (12 bytes)
1736955310.536513 sending message 112 to peer 0x5a712fb84420 (13 bytes)
1736955310.536516 sending message 112 to peer 0x5a712fb84420 (12 bytes)
1736955310.536520 sending message 112 to peer 0x5a712fb84420 (13 bytes)
1736955310.536523 sending message 112 to peer 0x5a712fb84420 (13 bytes)
1736955310.536527 sending message 112 to peer 0x5a712fb84420 (13 bytes)
1736955310.536530 sending message 112 to peer 0x5a712fb84420 (8 bytes)
1736955310.536533 sending message 112 to peer 0x5a712fb84420 (13 bytes)
1736955310.536537 sending message 112 to peer 0x5a712fb84420 (13 bytes)
1736955310.536540 sending message 112 to peer 0x5a712fb84420 (13 bytes)
1736955310.536544 sending message 112 to peer 0x5a712fb84420 (13 bytes)
1736955310.536547 sending message 112 to peer 0x5a712fb84420 (13 bytes)
1736955310.536551 sending message 112 to peer 0x5a712fb84420 (12 bytes)
1736955310.536554 sending message 112 to peer 0x5a712fb84420 (12 bytes)
1736955310.536558 sending message 112 to peer 0x5a712fb84420 (13 bytes)
1736955310.536561 sending message 112 to peer 0x5a712fb84420 (12 bytes)
1736955310.536564 sending message 112 to peer 0x5a712fb84420 (13 bytes)
1736955310.536568 sending message 112 to peer 0x5a712fb84420 (8 bytes)
1736955310.536571 sending message 112 to peer 0x5a712fb84420 (13 bytes)
1736955310.536575 sending message 112 to peer 0x5a712fb84420 (13 bytes)
1736955310.536578 sending message 112 to peer 0x5a712fb84420 (13 bytes)
1736955310.536582 sending message 112 to peer 0x5a712fb84420 (13 bytes)
1736955310.536585 sending message 112 to peer 0x5a712fb84420 (13 bytes)
1736955310.536589 sending message 112 to peer 0x5a712fb84420 (13 bytes)
1736955310.536592 sending message 112 to peer 0x5a712fb84420 (13 bytes)
1736955310.536595 sending message 112 to peer 0x5a712fb84420 (12 bytes)
1736955310.536599 sending message 112 to peer 0x5a712fb84420 (12 bytes)
1736955310.536602 sending message 112 to peer 0x5a712fb84420 (13 bytes)
1736955310.536606 sending message 112 to peer 0x5a712fb84420 (8 bytes)
1736955310.536609 sending message 112 to peer 0x5a712fb84420 (12 bytes)
1736955310.536613 sending message 112 to peer 0x5a712fb84420 (13 bytes)
1736955310.536616 sending message 112 to peer 0x5a712fb84420 (13 bytes)
1736955310.536620 sending message 112 to peer 0x5a712fb84420 (13 bytes)
1736955310.536623 sending message 112 to peer 0x5a712fb84420 (13 bytes)
1736955310.536631 sending message 112 to peer 0x5a712fb84420 (13 bytes)
1736955310.536634 sending message 112 to peer 0x5a712fb84420 (13 bytes)
1736955310.536638 sending message 112 to peer 0x5a712fb84420 (13 bytes)
1736955310.536641 sending message 112 to peer 0x5a712fb84420 (13 bytes)
1736955310.536645 sending message 112 to peer 0x5a712fb84420 (12 bytes)
1736955310.536648 sending message 112 to peer 0x5a712fb84420 (10 bytes)
1736955310.536652 sending message 112 to peer 0x5a712fb84420 (12 bytes)
1736955310.536655 sending message 112 to peer 0x5a712fb84420 (13 bytes)
1736955310.536659 sending message 112 to peer 0x5a712fb84420 (12 bytes)
1736955310.536662 sending message 112 to peer 0x5a712fb84420 (13 bytes)
1736955310.536665 sending message 112 to peer 0x5a712fb84420 (13 bytes)
1736955310.536669 sending message 112 to peer 0x5a712fb84420 (13 bytes)
1736955310.536672 sending message 112 to peer 0x5a712fb84420 (13 bytes)
1736955310.536676 sending message 112 to peer 0x5a712fb84420 (13 bytes)
1736955310.536679 sending message 112 to peer 0x5a712fb84420 (13 bytes)
1736955310.536683 sending message 112 to peer 0x5a712fb84420 (13 bytes)
1736955310.536686 sending message 112 to peer 0x5a712fb84420 (10 bytes)
1736955310.536690 sending message 112 to peer 0x5a712fb84420 (13 bytes)
1736955310.536693 sending message 112 to peer 0x5a712fb84420 (12 bytes)
1736955310.536696 sending message 112 to peer 0x5a712fb84420 (12 bytes)
1736955310.536700 sending message 112 to peer 0x5a712fb84420 (13 bytes)
1736955310.536703 sending message 112 to peer 0x5a712fb84420 (10 bytes)
1736955310.536707 sending message 112 to peer 0x5a712fb84420 (10 bytes)
1736955310.536710 sending message 112 to peer 0x5a712fb84420 (10 bytes)
1736955310.536714 sending message 112 to peer 0x5a712fb84420 (12 bytes)
1736955310.536717 sending message 112 to peer 0x5a712fb84420 (13 bytes)
1736955310.536721 sending message 112 to peer 0x5a712fb84420 (13 bytes)
1736955310.536724 sending message 112 to peer 0x5a712fb84420 (13 bytes)
1736955310.536727 sending message 112 to peer 0x5a712fb84420 (13 bytes)
1736955310.536731 sending message 112 to peer 0x5a712fb84420 (13 bytes)
1736955310.536734 sending message 112 to peer 0x5a712fb84420 (10 bytes)
1736955310.536738 sending message 112 to peer 0x5a712fb84420 (11 bytes)
1736955310.536741 sending message 112 to peer 0x5a712fb84420 (12 bytes)
1736955310.536745 sending message 112 to peer 0x5a712fb84420 (12 bytes)
1736955310.536748 sending message 112 to peer 0x5a712fb84420 (12 bytes)
1736955310.536751 sending message 112 to peer 0x5a712fb84420 (12 bytes)
1736955310.536755 sending message 112 to peer 0x5a712fb84420 (12 bytes)
1736955310.536758 sending message 112 to peer 0x5a712fb84420 (11 bytes)
1736955310.536762 sending message 112 to peer 0x5a712fb84420 (12 bytes)
1736955310.536765 sending message 112 to peer 0x5a712fb84420 (12 bytes)
1736955310.536769 sending message 112 to peer 0x5a712fb84420 (13 bytes)
1736955310.536772 sending message 112 to peer 0x5a712fb84420 (13 bytes)
1736955310.536776 sending message 112 to peer 0x5a712fb84420 (13 bytes)
1736955310.536779 sending message 112 to peer 0x5a712fb84420 (13 bytes)
1736955310.536783 sending message 112 to peer 0x5a712fb84420 (13 bytes)
1736955310.536786 sending message 112 to peer 0x5a712fb84420 (10 bytes)
1736955310.536789 sending message 112 to peer 0x5a712fb84420 (9 bytes)
1736955310.536793 sending message 112 to peer 0x5a712fb84420 (12 bytes)
1736955310.536796 sending message 112 to peer 0x5a712fb84420 (13 bytes)
1736955310.536800 sending message 112 to peer 0x5a712fb84420 (13 bytes)
1736955310.536803 sending message 112 to peer 0x5a712fb84420 (13 bytes)
1736955310.536807 sending message 112 to peer 0x5a712fb84420 (13 bytes)
1736955310.536810 sending message 112 to peer 0x5a712fb84420 (13 bytes)
1736955310.536814 sending message 112 to peer 0x5a712fb84420 (9 bytes)
1736955310.536817 sending message 112 to peer 0x5a712fb84420 (12 bytes)
1736955310.536820 sending message 112 to peer 0x5a712fb84420 (13 bytes)
1736955310.536824 sending message 112 to peer 0x5a712fb84420 (13 bytes)
1736955310.536831 sending message 112 to peer 0x5a712fb84420 (13 bytes)
1736955310.536835 sending message 112 to peer 0x5a712fb84420 (13 bytes)
1736955310.536838 sending message 112 to peer 0x5a712fb84420 (13 bytes)
1736955310.536841 sending message 112 to peer 0x5a712fb84420 (11 bytes)
1736955310.536845 sending message 112 to peer 0x5a712fb84420 (12 bytes)
1736955310.536848 sending message 112 to peer 0x5a712fb84420 (13 bytes)
1736955310.536852 sending message 112 to peer 0x5a712fb84420 (13 bytes)
1736955310.536855 sending message 112 to peer 0x5a712fb84420 (13 bytes)
1736955310.536859 sending message 112 to peer 0x5a712fb84420 (13 bytes)
1736955310.536862 sending message 112 to peer 0x5a712fb84420 (13 bytes)
1736955310.536866 sending message 112 to peer 0x5a712fb84420 (11 bytes)
1736955310.536869 sending message 112 to peer 0x5a712fb84420 (12 bytes)
1736955310.536873 sending message 112 to peer 0x5a712fb84420 (12 bytes)
1736955310.536876 sending message 112 to peer 0x5a712fb84420 (12 bytes)
1736955310.536879 sending message 112 to peer 0x5a712fb84420 (12 bytes)
1736955310.536883 sending message 112 to peer 0x5a712fb84420 (12 bytes)
1736955310.536886 sending message 112 to peer 0x5a712fb84420 (22 bytes)
1736955310.536890 sending message 112 to peer 0x5a712fb84420 (12 bytes)
1736955310.536893 sending message 112 to peer 0x5a712fb84420 (9 bytes)
1736955310.536897 sending message 112 to peer 0x5a712fb84420 (6 bytes)
1736955310.536900 sending message 112 to peer 0x5a712fb84420 (13 bytes)
1736955310.536904 sending message 112 to peer 0x5a712fb84420 (10 bytes)
1736955310.536907 sending message 112 to peer 0x5a712fb84420 (15 bytes)
1736955310.536911 sending message 112 to peer 0x5a712fb84420 (11 bytes)
1736955310.536914 sending message 112 to peer 0x5a712fb84420 (9 bytes)
1736955310.536918 sending message 112 to peer 0x5a712fb84420 (70 bytes)
1736955310.536921 sending message 112 to peer 0x5a712fb84420 (69 bytes)
1736955310.536925 sending message 112 to peer 0x5a712fb84420 (34 bytes)
1736955310.536928 sending message 112 to peer 0x5a712fb84420 (34 bytes)
1736955310.536932 sending message 112 to peer 0x5a712fb84420 (69 bytes)
1736955310.536935 sending message 112 to peer 0x5a712fb84420 (12 bytes)
1736955310.536939 sending message 112 to peer 0x5a712fb84420 (10 bytes)
1736955310.536942 sending message 112 to peer 0x5a712fb84420 (10 bytes)
1736955310.536946 sending message 112 to peer 0x5a712fb84420 (15 bytes)
1736955310.536949 sending message 112 to peer 0x5a712fb84420 (11 bytes)
1736955310.536953 sending message 112 to peer 0x5a712fb84420 (10 bytes)
1736955310.536956 sending message 112 to peer 0x5a712fb84420 (10 bytes)
1736955310.536960 sending message 112 to peer 0x5a712fb84420 (17 bytes)
1736955310.536963 sending message 112 to peer 0x5a712fb84420 (10 bytes)
1736955310.536967 sending message 112 to peer 0x5a712fb84420 (13 bytes)
1736955310.536971 sending message 112 to peer 0x5a712fb84420 (17 bytes)
1736955310.536974 sending message 112 to peer 0x5a712fb84420 (5 bytes)
1736955310.536978 sending message 112 to peer 0x5a712fb84420 (9 bytes)
1736955310.536981 sending message 112 to peer 0x5a712fb84420 (15 bytes)
1736955310.536985 sending message 104 to peer 0x5a712fb84420 (0 bytes)
1736955310.536989 sending message 110 to peer 0x5a712fb84420 (0 bytes)
1736955310.536992 sending message 107 to peer 0x5a712fb84420 (4 bytes)
1736955310.536996 sending message 105 to peer 0x5a712fb84420 (20 bytes)
1736955310.537000 sending message 105 to peer 0x5a712fb84420 (20 bytes)
1736955310.537003 sending message 105 to peer 0x5a712fb84420 (54 bytes)
1736955310.537007 sending message 105 to peer 0x5a712fb84420 (50 bytes)
1736955310.537010 sending message 105 to peer 0x5a712fb84420 (25 bytes)
1736955310.537014 sending message 105 to peer 0x5a712fb84420 (11 bytes)
1736955310.537017 sending message 105 to peer 0x5a712fb84420 (27 bytes)
1736955310.537021 sending message 105 to peer 0x5a712fb84420 (23 bytes)
1736955310.537024 sending message 105 to peer 0x5a712fb84420 (17 bytes)
1736955310.537028 sending message 105 to peer 0x5a712fb84420 (27 bytes)
1736955310.537035 sending message 105 to peer 0x5a712fb84420 (22 bytes)
1736955310.537039 sending message 105 to peer 0x5a712fb84420 (109 bytes)
1736955310.537042 sending message 105 to peer 0x5a712fb84420 (16 bytes)
1736955310.537046 sending message 105 to peer 0x5a712fb84420 (18 bytes)
1736955310.537049 sending message 105 to peer 0x5a712fb84420 (22 bytes)
1736955310.537053 sending message 105 to peer 0x5a712fb84420 (91 bytes)
1736955310.537056 sending message 105 to peer 0x5a712fb84420 (38 bytes)
1736955310.537060 sending message 105 to peer 0x5a712fb84420 (14 bytes)
1736955310.537063 sending message 105 to peer 0x5a712fb84420 (60 bytes)
1736955310.537067 sending message 105 to peer 0x5a712fb84420 (18 bytes)
1736955310.537070 sending message 105 to peer 0x5a712fb84420 (17 bytes)
1736955310.537074 sending message 105 to peer 0x5a712fb84420 (25 bytes)
1736955310.537077 sending message 105 to peer 0x5a712fb84420 (15 bytes)
1736955310.537081 sending message 105 to peer 0x5a712fb84420 (28 bytes)
1736955310.537084 sending message 105 to peer 0x5a712fb84420 (15 bytes)
1736955310.537088 sending message 105 to peer 0x5a712fb84420 (21 bytes)
1736955310.537091 sending message 105 to peer 0x5a712fb84420 (27 bytes)
1736955310.537095 sending message 105 to peer 0x5a712fb84420 (20 bytes)
1736955310.537098 sending message 105 to peer 0x5a712fb84420 (344 bytes)
1736955310.537102 sending message 105 to peer 0x5a712fb84420 (30 bytes)
1736955310.537105 sending message 105 to peer 0x5a712fb84420 (30 bytes)
1736955310.537109 sending message 105 to peer 0x5a712fb84420 (24 bytes)
1736955310.537112 sending message 105 to peer 0x5a712fb84420 (27 bytes)
1736955310.537116 sending message 105 to peer 0x5a712fb84420 (38 bytes)
1736955310.537119 sending message 105 to peer 0x5a712fb84420 (19 bytes)
1736955310.537123 sending message 105 to peer 0x5a712fb84420 (8 bytes)
1736955310.537126 sending message 105 to peer 0x5a712fb84420 (17 bytes)
1736955310.537130 sending message 105 to peer 0x5a712fb84420 (33 bytes)
1736955310.537133 sending message 105 to peer 0x5a712fb84420 (18 bytes)
1736955310.537137 sending message 105 to peer 0x5a712fb84420 (26 bytes)
1736955310.537140 sending message 105 to peer 0x5a712fb84420 (35 bytes)
1736955310.537144 sending message 105 to peer 0x5a712fb84420 (13 bytes)
1736955310.537147 sending message 105 to peer 0x5a712fb84420 (60 bytes)
1736955310.537151 sending message 105 to peer 0x5a712fb84420 (12 bytes)
1736955310.537154 sending message 105 to peer 0x5a712fb84420 (26 bytes)
1736955310.537158 sending message 105 to peer 0x5a712fb84420 (20 bytes)
1736955310.537161 sending message 105 to peer 0x5a712fb84420 (26 bytes)
1736955310.537165 sending message 105 to peer 0x5a712fb84420 (20 bytes)
1736955310.537168 sending message 105 to peer 0x5a712fb84420 (29 bytes)
1736955310.537172 sending message 105 to peer 0x5a712fb84420 (31 bytes)
1736955310.537175 sending message 105 to peer 0x5a712fb84420 (15 bytes)
1736955310.537179 sending message 105 to peer 0x5a712fb84420 (52 bytes)
1736955310.537182 sending message 105 to peer 0x5a712fb84420 (23 bytes)
1736955310.537186 sending message 105 to peer 0x5a712fb84420 (29 bytes)
1736955310.537189 sending message 105 to peer 0x5a712fb84420 (17 bytes)
1736955310.537193 sending message 105 to peer 0x5a712fb84420 (58 bytes)
1736955310.537196 sending message 105 to peer 0x5a712fb84420 (25 bytes)
1736955310.537200 sending message 105 to peer 0x5a712fb84420 (11 bytes)
1736955310.537203 sending message 105 to peer 0x5a712fb84420 (16 bytes)
1736955310.537207 sending message 105 to peer 0x5a712fb84420 (30 bytes)
1736955310.537210 sending message 105 to peer 0x5a712fb84420 (33 bytes)
1736955310.537214 sending message 105 to peer 0x5a712fb84420 (19 bytes)
1736955310.537217 sending message 105 to peer 0x5a712fb84420 (19 bytes)
1736955310.537220 sending message 105 to peer 0x5a712fb84420 (38 bytes)
1736955310.537224 sending message 105 to peer 0x5a712fb84420 (60 bytes)
1736955310.537228 sending message 105 to peer 0x5a712fb84420 (12 bytes)
1736955310.537231 sending message 105 to peer 0x5a712fb84420 (12 bytes)
1736955310.537238 sending message 105 to peer 0x5a712fb84420 (19 bytes)
1736955310.537242 sending message 105 to peer 0x5a712fb84420 (27 bytes)
1736955310.537245 sending message 105 to peer 0x5a712fb84420 (462 bytes)
1736955310.537249 sending message 105 to peer 0x5a712fb84420 (461 bytes)
1736955310.537252 sending message 105 to peer 0x5a712fb84420 (127 bytes)
1736955310.537258 sending message 105 to peer 0x5a712fb84420 (44 bytes)
1736955310.537261 sending message 105 to peer 0x5a712fb84420 (43 bytes)
1736955310.537265 sending message 105 to peer 0x5a712fb84420 (7 bytes)
1736955310.537268 sending message 105 to peer 0x5a712fb84420 (11 bytes)
1736955310.537272 sending message 105 to peer 0x5a712fb84420 (51 bytes)
1736955310.537275 sending message 105 to peer 0x5a712fb84420 (14 bytes)
1736955310.537279 sending message 106 to peer 0x5a712fb84420 (0 bytes)
1736955310.537306 sending message 200 to peer 0x5a712fb84420 (4 bytes)
1736955310.537310 client loop enter
1736955310.537614 peer 0x5a712fb84420 message 303
1736955310.537620 open write file 2 -
1736955310.537626 sending message 305 to peer 0x5a712fb84420 (8 bytes)
1736955310.537632 write check file 2
1736955310.537697 peer 0x5a712fb84420 message 304
1736955310.537701 write 58 to file 2
1736955310.537705 peer 0x5a712fb84420 message 203
1736955310.537709 file 2 58 bytes left
1736955310.537717 write check file 2
1736955310.537720 client loop exit
